<?xml version="1.0" encoding="UTF-8"?>
<Site BuildName="Emscripten-em++.bat"
	BuildStamp="20240513-1534-Experimental"
	Name="srin"
	Generator="ctest-3.29.3"
	CompilerName="D:/progs/emsdk/upstream/emscripten/em++.bat"
	CompilerVersion="19.0.0"
	OSName="Windows"
	Hostname="srin"
	OSRelease=" Professional"
	OSVersion=" (Build 22631)"
	OSPlatform="AMD64"
	Is64Bits="1"
	VendorString="AuthenticAMD"
	VendorID="Advanced Micro Devices"
	FamilyID="15"
	ModelID="0"
	ProcessorCacheSize="64"
	NumberOfLogicalCPU="12"
	NumberOfPhysicalCPU="6"
	TotalVirtualMemory="22881"
	TotalPhysicalMemory="15713"
	LogicalProcessorsPerPhysical="2"
	ProcessorClockFrequency="3293"
	>
	<Testing>
		<StartDateTime>May 13 22:47 India Standard Time</StartDateTime>
		<StartTestTime>1715620628</StartTestTime>
		<TestList/>
		<EndDateTime>May 13 22:47 India Standard Time</EndDateTime>
		<EndTestTime>1715620628</EndTestTime>
		<ElapsedMinutes>0</ElapsedMinutes>
	</Testing>
</Site>
